{"C:\\Users\\emanu\\OneDrive\\Escritorio\\Proyectos Javascript\\react-libraries\\react-smart-hooks\\src\\index.ts": {"path":"C:\\Users\\emanu\\OneDrive\\Escritorio\\Proyectos Javascript\\react-libraries\\react-smart-hooks\\src\\index.ts","all":true,"statementMap":{"0":{"start":{"line":1,"column":0},"end":{"line":1,"column":30}},"1":{"start":{"line":2,"column":0},"end":{"line":2,"column":31}},"2":{"start":{"line":3,"column":0},"end":{"line":3,"column":34}},"3":{"start":{"line":4,"column":0},"end":{"line":4,"column":36}},"4":{"start":{"line":5,"column":0},"end":{"line":5,"column":28}}},"s":{"0":0,"1":0,"2":0,"3":0,"4":0},"branchMap":{"0":{"type":"branch","line":1,"loc":{"start":{"line":1,"column":0},"end":{"line":5,"column":28}},"locations":[{"start":{"line":1,"column":0},"end":{"line":5,"column":28}}]}},"b":{"0":[0]},"fnMap":{"0":{"name":"(empty-report)","decl":{"start":{"line":1,"column":0},"end":{"line":5,"column":28}},"loc":{"start":{"line":1,"column":0},"end":{"line":5,"column":28}},"line":1}},"f":{"0":0}}
,"C:\\Users\\emanu\\OneDrive\\Escritorio\\Proyectos Javascript\\react-libraries\\react-smart-hooks\\src\\useDebounce.ts": {"path":"C:\\Users\\emanu\\OneDrive\\Escritorio\\Proyectos Javascript\\react-libraries\\react-smart-hooks\\src\\useDebounce.ts","all":false,"statementMap":{"0":{"start":{"line":1,"column":0},"end":{"line":1,"column":44}},"2":{"start":{"line":3,"column":0},"end":{"line":3,"column":60}},"3":{"start":{"line":4,"column":0},"end":{"line":4,"column":62}},"5":{"start":{"line":6,"column":0},"end":{"line":6,"column":19}},"6":{"start":{"line":7,"column":0},"end":{"line":7,"column":68}},"7":{"start":{"line":8,"column":0},"end":{"line":8,"column":37}},"8":{"start":{"line":9,"column":0},"end":{"line":9,"column":21}},"10":{"start":{"line":11,"column":0},"end":{"line":11,"column":24}},"11":{"start":{"line":12,"column":0},"end":{"line":12,"column":1}}},"s":{"0":1,"2":1,"3":8,"5":8,"6":6,"7":6,"8":8,"10":8,"11":8},"branchMap":{"0":{"type":"branch","line":3,"loc":{"start":{"line":3,"column":7},"end":{"line":12,"column":1}},"locations":[{"start":{"line":3,"column":7},"end":{"line":12,"column":1}}]},"1":{"type":"branch","line":6,"loc":{"start":{"line":6,"column":12},"end":{"line":9,"column":5}},"locations":[{"start":{"line":6,"column":12},"end":{"line":9,"column":5}}]},"2":{"type":"branch","line":7,"loc":{"start":{"line":7,"column":29},"end":{"line":7,"column":61}},"locations":[{"start":{"line":7,"column":29},"end":{"line":7,"column":61}}]},"3":{"type":"branch","line":8,"loc":{"start":{"line":8,"column":11},"end":{"line":8,"column":37}},"locations":[{"start":{"line":8,"column":11},"end":{"line":8,"column":37}}]}},"b":{"0":[8],"1":[6],"2":[2],"3":[6]},"fnMap":{"0":{"name":"useDebounce","decl":{"start":{"line":3,"column":7},"end":{"line":12,"column":1}},"loc":{"start":{"line":3,"column":7},"end":{"line":12,"column":1}},"line":3}},"f":{"0":8}}
,"C:\\Users\\emanu\\OneDrive\\Escritorio\\Proyectos Javascript\\react-libraries\\react-smart-hooks\\src\\useIsMounted.ts": {"path":"C:\\Users\\emanu\\OneDrive\\Escritorio\\Proyectos Javascript\\react-libraries\\react-smart-hooks\\src\\useIsMounted.ts","all":false,"statementMap":{"0":{"start":{"line":1,"column":0},"end":{"line":1,"column":42}},"2":{"start":{"line":3,"column":0},"end":{"line":3,"column":32}},"3":{"start":{"line":4,"column":0},"end":{"line":4,"column":34}},"5":{"start":{"line":6,"column":0},"end":{"line":6,"column":19}},"6":{"start":{"line":7,"column":0},"end":{"line":7,"column":29}},"7":{"start":{"line":8,"column":0},"end":{"line":8,"column":18}},"8":{"start":{"line":9,"column":0},"end":{"line":9,"column":32}},"9":{"start":{"line":10,"column":0},"end":{"line":10,"column":6}},"10":{"start":{"line":11,"column":0},"end":{"line":11,"column":9}},"12":{"start":{"line":13,"column":0},"end":{"line":13,"column":19}},"13":{"start":{"line":14,"column":0},"end":{"line":14,"column":1}}},"s":{"0":1,"2":1,"3":3,"5":3,"6":3,"7":3,"8":3,"9":3,"10":3,"12":3,"13":3},"branchMap":{"0":{"type":"branch","line":3,"loc":{"start":{"line":3,"column":7},"end":{"line":14,"column":1}},"locations":[{"start":{"line":3,"column":7},"end":{"line":14,"column":1}}]},"1":{"type":"branch","line":6,"loc":{"start":{"line":6,"column":12},"end":{"line":11,"column":5}},"locations":[{"start":{"line":6,"column":12},"end":{"line":11,"column":5}}]},"2":{"type":"branch","line":8,"loc":{"start":{"line":8,"column":11},"end":{"line":10,"column":6}},"locations":[{"start":{"line":8,"column":11},"end":{"line":10,"column":6}}]}},"b":{"0":[3],"1":[3],"2":[3]},"fnMap":{"0":{"name":"useIsMounted","decl":{"start":{"line":3,"column":7},"end":{"line":14,"column":1}},"loc":{"start":{"line":3,"column":7},"end":{"line":14,"column":1}},"line":3}},"f":{"0":3}}
,"C:\\Users\\emanu\\OneDrive\\Escritorio\\Proyectos Javascript\\react-libraries\\react-smart-hooks\\src\\useLocalStorage.ts": {"path":"C:\\Users\\emanu\\OneDrive\\Escritorio\\Proyectos Javascript\\react-libraries\\react-smart-hooks\\src\\useLocalStorage.ts","all":false,"statementMap":{"1":{"start":{"line":2,"column":0},"end":{"line":2,"column":33}},"3":{"start":{"line":4,"column":0},"end":{"line":4,"column":35}},"4":{"start":{"line":5,"column":0},"end":{"line":5,"column":16}},"5":{"start":{"line":6,"column":0},"end":{"line":6,"column":19}},"6":{"start":{"line":7,"column":0},"end":{"line":7,"column":30}},"7":{"start":{"line":8,"column":0},"end":{"line":8,"column":59}},"8":{"start":{"line":9,"column":0},"end":{"line":9,"column":9}},"9":{"start":{"line":10,"column":0},"end":{"line":10,"column":45}},"10":{"start":{"line":11,"column":0},"end":{"line":11,"column":52}},"11":{"start":{"line":12,"column":0},"end":{"line":12,"column":13}},"12":{"start":{"line":13,"column":0},"end":{"line":13,"column":26}},"13":{"start":{"line":14,"column":0},"end":{"line":14,"column":5}},"14":{"start":{"line":15,"column":0},"end":{"line":15,"column":5}},"16":{"start":{"line":17,"column":0},"end":{"line":17,"column":34}},"17":{"start":{"line":18,"column":0},"end":{"line":18,"column":9}},"18":{"start":{"line":19,"column":0},"end":{"line":19,"column":28}},"19":{"start":{"line":20,"column":0},"end":{"line":20,"column":55}},"20":{"start":{"line":21,"column":0},"end":{"line":21,"column":18}},"21":{"start":{"line":22,"column":0},"end":{"line":22,"column":4}},"23":{"start":{"line":24,"column":0},"end":{"line":24,"column":33}},"24":{"start":{"line":25,"column":0},"end":{"line":25,"column":1}}},"s":{"1":1,"3":1,"4":5,"5":5,"6":5,"7":5,"8":4,"9":4,"10":4,"11":4,"12":1,"13":1,"14":5,"16":5,"17":1,"18":1,"19":1,"20":1,"21":1,"23":5,"24":5},"branchMap":{"0":{"type":"branch","line":4,"loc":{"start":{"line":4,"column":7},"end":{"line":25,"column":1}},"locations":[{"start":{"line":4,"column":7},"end":{"line":25,"column":1}}]},"1":{"type":"branch","line":8,"loc":{"start":{"line":8,"column":52},"end":{"line":15,"column":3}},"locations":[{"start":{"line":8,"column":52},"end":{"line":15,"column":3}}]},"2":{"type":"branch","line":11,"loc":{"start":{"line":11,"column":13},"end":{"line":11,"column":39}},"locations":[{"start":{"line":11,"column":13},"end":{"line":11,"column":39}}]},"3":{"type":"branch","line":11,"loc":{"start":{"line":11,"column":35},"end":{"line":11,"column":52}},"locations":[{"start":{"line":11,"column":35},"end":{"line":11,"column":52}}]},"4":{"type":"branch","line":12,"loc":{"start":{"line":12,"column":4},"end":{"line":14,"column":5}},"locations":[{"start":{"line":12,"column":4},"end":{"line":14,"column":5}}]},"5":{"type":"branch","line":17,"loc":{"start":{"line":17,"column":19},"end":{"line":22,"column":4}},"locations":[{"start":{"line":17,"column":19},"end":{"line":22,"column":4}}]},"6":{"type":"branch","line":21,"loc":{"start":{"line":21,"column":4},"end":{"line":21,"column":18}},"locations":[{"start":{"line":21,"column":4},"end":{"line":21,"column":18}}]}},"b":{"0":[5],"1":[4],"2":[2],"3":[2],"4":[1],"5":[1],"6":[0]},"fnMap":{"0":{"name":"useLocalStorage","decl":{"start":{"line":4,"column":7},"end":{"line":25,"column":1}},"loc":{"start":{"line":4,"column":7},"end":{"line":25,"column":1}},"line":4},"1":{"name":"setValue","decl":{"start":{"line":17,"column":19},"end":{"line":22,"column":4}},"loc":{"start":{"line":17,"column":19},"end":{"line":22,"column":4}},"line":17}},"f":{"0":5,"1":1}}
,"C:\\Users\\emanu\\OneDrive\\Escritorio\\Proyectos Javascript\\react-libraries\\react-smart-hooks\\src\\useOnClickOutside.ts": {"path":"C:\\Users\\emanu\\OneDrive\\Escritorio\\Proyectos Javascript\\react-libraries\\react-smart-hooks\\src\\useOnClickOutside.ts","all":false,"statementMap":{"0":{"start":{"line":1,"column":0},"end":{"line":1,"column":34}},"2":{"start":{"line":3,"column":0},"end":{"line":3,"column":34}},"4":{"start":{"line":5,"column":0},"end":{"line":5,"column":43}},"5":{"start":{"line":6,"column":0},"end":{"line":6,"column":21}},"6":{"start":{"line":7,"column":0},"end":{"line":7,"column":3}},"7":{"start":{"line":8,"column":0},"end":{"line":8,"column":19}},"8":{"start":{"line":9,"column":0},"end":{"line":9,"column":45}},"9":{"start":{"line":10,"column":0},"end":{"line":10,"column":77}},"10":{"start":{"line":11,"column":0},"end":{"line":11,"column":16}},"11":{"start":{"line":12,"column":0},"end":{"line":12,"column":6}},"13":{"start":{"line":14,"column":0},"end":{"line":14,"column":53}},"14":{"start":{"line":15,"column":0},"end":{"line":15,"column":18}},"15":{"start":{"line":16,"column":0},"end":{"line":16,"column":58}},"16":{"start":{"line":17,"column":0},"end":{"line":17,"column":6}},"17":{"start":{"line":18,"column":0},"end":{"line":18,"column":21}},"18":{"start":{"line":19,"column":0},"end":{"line":19,"column":1}}},"s":{"0":1,"2":1,"4":3,"5":3,"6":3,"7":3,"8":3,"9":2,"10":1,"11":2,"13":3,"14":3,"15":3,"16":3,"17":3,"18":3},"branchMap":{"0":{"type":"branch","line":3,"loc":{"start":{"line":3,"column":7},"end":{"line":19,"column":1}},"locations":[{"start":{"line":3,"column":7},"end":{"line":19,"column":1}}]},"1":{"type":"branch","line":8,"loc":{"start":{"line":8,"column":12},"end":{"line":18,"column":5}},"locations":[{"start":{"line":8,"column":12},"end":{"line":18,"column":5}}]},"2":{"type":"branch","line":9,"loc":{"start":{"line":9,"column":21},"end":{"line":12,"column":6}},"locations":[{"start":{"line":9,"column":21},"end":{"line":12,"column":6}}]},"3":{"type":"branch","line":10,"loc":{"start":{"line":10,"column":70},"end":{"line":11,"column":16}},"locations":[{"start":{"line":10,"column":70},"end":{"line":11,"column":16}}]},"4":{"type":"branch","line":15,"loc":{"start":{"line":15,"column":11},"end":{"line":17,"column":6}},"locations":[{"start":{"line":15,"column":11},"end":{"line":17,"column":6}}]}},"b":{"0":[3],"1":[3],"2":[2],"3":[1],"4":[3]},"fnMap":{"0":{"name":"useOnClickOutside","decl":{"start":{"line":3,"column":7},"end":{"line":19,"column":1}},"loc":{"start":{"line":3,"column":7},"end":{"line":19,"column":1}},"line":3},"1":{"name":"listener","decl":{"start":{"line":9,"column":21},"end":{"line":12,"column":6}},"loc":{"start":{"line":9,"column":21},"end":{"line":12,"column":6}},"line":9}},"f":{"0":3,"1":2}}
,"C:\\Users\\emanu\\OneDrive\\Escritorio\\Proyectos Javascript\\react-libraries\\react-smart-hooks\\src\\useToggle.ts": {"path":"C:\\Users\\emanu\\OneDrive\\Escritorio\\Proyectos Javascript\\react-libraries\\react-smart-hooks\\src\\useToggle.ts","all":false,"statementMap":{"0":{"start":{"line":1,"column":0},"end":{"line":1,"column":46}},"2":{"start":{"line":3,"column":0},"end":{"line":3,"column":26}},"3":{"start":{"line":4,"column":0},"end":{"line":4,"column":31}},"4":{"start":{"line":5,"column":0},"end":{"line":5,"column":26}},"5":{"start":{"line":6,"column":0},"end":{"line":6,"column":51}},"6":{"start":{"line":7,"column":0},"end":{"line":7,"column":60}},"7":{"start":{"line":8,"column":0},"end":{"line":8,"column":25}},"8":{"start":{"line":9,"column":0},"end":{"line":9,"column":1}}},"s":{"0":1,"2":1,"3":6,"4":6,"5":6,"6":6,"7":6,"8":6},"branchMap":{"0":{"type":"branch","line":3,"loc":{"start":{"line":3,"column":7},"end":{"line":9,"column":1}},"locations":[{"start":{"line":3,"column":7},"end":{"line":9,"column":1}}]},"1":{"type":"branch","line":7,"loc":{"start":{"line":7,"column":29},"end":{"line":7,"column":56}},"locations":[{"start":{"line":7,"column":29},"end":{"line":7,"column":56}}]},"2":{"type":"branch","line":7,"loc":{"start":{"line":7,"column":44},"end":{"line":7,"column":53}},"locations":[{"start":{"line":7,"column":44},"end":{"line":7,"column":53}}]}},"b":{"0":[6],"1":[2],"2":[2]},"fnMap":{"0":{"name":"useToggle","decl":{"start":{"line":3,"column":7},"end":{"line":9,"column":1}},"loc":{"start":{"line":3,"column":7},"end":{"line":9,"column":1}},"line":3}},"f":{"0":6}}
}
